0 info it worked if it ends with ok
1 verbose cli [ '/usr/bin/node', '/usr/bin/npm', 'i' ]
2 info using npm@1.2.2
3 info using node@v0.8.18
4 verbose read json /var/local/webroot/git-clones/Workbook/package.json
5 error install Couldn't read dependencies
6 error Error: ENOENT, open '/var/local/webroot/git-clones/Workbook/package.json'
7 error If you need help, you may report this log at:
7 error     <http://github.com/isaacs/npm/issues>
7 error or email it to:
7 error     <npm-@googlegroups.com>
8 error System Linux 2.6.18-308.16.1.el5
9 error command "/usr/bin/node" "/usr/bin/npm" "i"
10 error cwd /var/local/webroot/git-clones/Workbook
11 error node -v v0.8.18
12 error npm -v 1.2.2
13 error path /var/local/webroot/git-clones/Workbook/package.json
14 error code ENOENT
15 error errno 34
16 verbose exit [ 34, true ]
